== Info:   Trying 104.21.22.195...
== Info: Connected to progressbg.net (104.21.22.195) port 80 (#0)
=> Send header, 78 bytes (0x4e)
0000: GET / HTTP/1.1
0010: Host: progressbg.net
0026: User-Agent: curl/7.47.0
003f: Accept: */*
004c: 
<= Recv header, 32 bytes (0x20)
0000: HTTP/1.1 301 Moved Permanently
<= Recv header, 37 bytes (0x25)
0000: Date: Mon, 22 Mar 2021 17:53:37 GMT
<= Recv header, 40 bytes (0x28)
0000: Content-Type: text/html; charset=UTF-8
<= Recv header, 28 bytes (0x1c)
0000: Transfer-Encoding: chunked
<= Recv header, 24 bytes (0x18)
0000: Connection: keep-alive
<= Recv header, 159 bytes (0x9f)
0000: Set-Cookie: __cfduid=d2d3d4b4838098fabdb257026f724bb911616435617
0040: ; expires=Wed, 21-Apr-21 17:53:37 GMT; path=/; domain=.progressb
0080: g.net; HttpOnly; SameSite=Lax
<= Recv header, 34 bytes (0x22)
0000: Vary: Accept-Encoding,User-Agent
<= Recv header, 35 bytes (0x23)
0000: Location: https://progressbg.net/
<= Recv header, 45 bytes (0x2d)
0000: Referrer-Policy: no-referrer-when-downgrade
<= Recv header, 26 bytes (0x1a)
0000: CF-Cache-Status: DYNAMIC
<= Recv header, 49 bytes (0x31)
0000: cf-request-id: 08fcab373000001c3760819000000001
<= Recv header, 238 bytes (0xee)
0000: Report-To: {"endpoints":[{"url":"https:\/\/a.nel.cloudflare.com\
0040: /report?s=2OfBD80yIuNCshj5Qngpr%2Bn%2F3kxDVOHgz2iCy3jo48lWzFbcJR
0080: HN40QFFlXkcu3i%2Fmm3RvcF%2Flx%2Bs5Viqc9PltZBDypGfQguy9dYmXW%2Fog
00c0: %3D%3D"}],"max_age":604800,"group":"cf-nel"}
<= Recv header, 46 bytes (0x2e)
0000: NEL: {"max_age":604800,"report_to":"cf-nel"}
<= Recv header, 20 bytes (0x14)
0000: Server: cloudflare
<= Recv header, 30 bytes (0x1e)
0000: CF-RAY: 634147d1ec811c37-SOF
<= Recv header, 81 bytes (0x51)
0000: alt-svc: h3-27=":443"; ma=86400, h3-28=":443"; ma=86400, h3-29="
0040: :443"; ma=86400
<= Recv header, 2 bytes (0x2)
0000: 
<= Recv data, 5 bytes (0x5)
0000: 0
0003: 
== Info: Connection #0 to host progressbg.net left intact
